[2026-02-22 10:08:37] [INFO] GET /api/reviews/top 200 130ms
[2026-02-22 10:08:37] [INFO] GET /api/restaurants/top 200 133ms
[2026-02-22 10:08:37] [INFO] GET /api/restaurants/flop 200 129ms
[2026-02-22 10:08:38] [INFO] GET /api/reviews/top 304 8ms
[2026-02-22 10:08:38] [INFO] GET /api/restaurants/top 304 7ms
[2026-02-22 10:08:38] [INFO] GET /api/restaurants/flop 304 3ms
[2026-02-22 10:08:38] [INFO] GET /uploads/2818573332245017d7a2e37e90072e02.jpg 200 39ms
[2026-02-22 10:08:38] [INFO] GET /uploads/676d4ac9fef77292f430d9f944de58ea.jpg 200 58ms
[2026-02-22 10:08:38] [INFO] GET /uploads/e6479094233b089e0c531a5dd1cfd540.png 200 165ms
[2026-02-22 10:08:38] [INFO] GET /uploads/e6479094233b089e0c531a5dd1cfd540.png 304 2ms
[2026-02-22 10:08:38] [INFO] GET /uploads/2818573332245017d7a2e37e90072e02.jpg 304 2ms
[2026-02-22 10:08:38] [INFO] GET /uploads/676d4ac9fef77292f430d9f944de58ea.jpg 304 1ms
[2026-02-22 10:09:28] [INFO] POST /api/users/login 200 324ms
[2026-02-22 10:09:29] [INFO] GET /api/users/me 200 13ms
[2026-02-22 10:09:29] [INFO] GET /api/reviews/my-reviews 200 22ms
[2026-02-22 10:09:29] [INFO] GET /api/restaurants/my-restaurants 200 37ms
[2026-02-22 10:09:29] [INFO] GET /api/votesReview/user/2 200 21ms
[2026-02-22 10:09:29] [INFO] GET /api/votesReview/user/5 200 22ms
[2026-02-22 10:09:29] [INFO] GET /api/votesReview/user/8 200 21ms
[2026-02-22 10:09:29] [INFO] GET /api/votesReview/user/17 200 20ms
[2026-02-22 10:09:29] [INFO] GET /api/votesReview/user/19 200 13ms
[2026-02-22 10:09:29] [INFO] GET /api/votesReview/user/57 200 12ms
[2026-02-22 10:09:29] [INFO] GET /api/votesRestaurant/user/1 200 7ms
[2026-02-22 10:09:29] [INFO] GET /api/votesRestaurant/user/2 200 7ms
[2026-02-22 10:09:29] [INFO] GET /api/votesRestaurant/user/3 200 6ms
[2026-02-22 10:09:37] [INFO] GET /api/users/me 304 5ms
[2026-02-22 10:09:47] [INFO] GET /api/users/me 304 7ms
[2026-02-22 10:09:47] [INFO] GET /api/reviews/my-reviews 304 10ms
[2026-02-22 10:09:47] [INFO] GET /api/restaurants/my-restaurants 304 22ms
[2026-02-22 10:09:47] [INFO] GET /api/votesRestaurant/user/1 304 8ms
[2026-02-22 10:09:47] [INFO] GET /api/votesRestaurant/user/2 304 7ms
[2026-02-22 10:09:47] [INFO] GET /api/votesRestaurant/user/3 304 6ms
[2026-02-22 10:09:47] [INFO] GET /api/votesReview/user/2 304 6ms
[2026-02-22 10:09:47] [INFO] GET /api/votesReview/user/5 304 6ms
[2026-02-22 10:09:47] [INFO] GET /api/votesReview/user/8 304 10ms
[2026-02-22 10:09:47] [INFO] GET /api/votesReview/user/17 304 8ms
[2026-02-22 10:09:47] [INFO] GET /api/votesReview/user/19 304 8ms
[2026-02-22 10:09:47] [INFO] GET /api/votesReview/user/57 304 6ms
[2026-02-22 10:09:49] [INFO] GET /api/restaurants/1 200 8ms
[2026-02-22 10:09:49] [INFO] GET /api/votesRestaurant/user/1 304 3ms
[2026-02-22 10:09:49] [INFO] GET /api/reviews/restaurant/1?order=BEST 200 8ms
[2026-02-22 10:09:49] [INFO] GET /api/votesReview/user/2 304 4ms
[2026-02-22 10:09:49] [INFO] GET /api/votesReview/user/3 200 9ms
[2026-02-22 10:09:49] [INFO] GET /api/votesReview/user/1 200 7ms
[2026-02-22 10:09:49] [INFO] GET /api/votesReview/user/37 200 4ms
[2026-02-22 10:09:49] [INFO] GET /api/votesReview/user/38 200 4ms
[2026-02-22 10:10:32] [INFO] GET /api/reviews/top 304 51ms
[2026-02-22 10:10:32] [INFO] GET /api/restaurants/flop 304 50ms
[2026-02-22 10:10:32] [INFO] GET /api/restaurants/top 304 54ms
[2026-02-22 10:10:32] [INFO] GET /api/votesReview/user/3 304 8ms
[2026-02-22 10:10:32] [INFO] GET /api/votesReview/user/19 304 8ms
[2026-02-22 10:10:32] [INFO] GET /api/votesReview/user/7 200 7ms
[2026-02-22 10:10:32] [INFO] GET /api/votesReview/user/1 304 5ms
[2026-02-22 10:10:32] [INFO] GET /api/votesReview/user/11 200 5ms
[2026-02-22 10:10:32] [INFO] GET /api/votesRestaurant/user/13 200 9ms
[2026-02-22 10:10:32] [INFO] GET /api/votesRestaurant/user/1 304 3ms
[2026-02-22 10:10:32] [INFO] GET /api/votesRestaurant/user/6 200 11ms
[2026-02-22 10:10:32] [INFO] GET /api/votesRestaurant/user/9 200 11ms
[2026-02-22 10:10:32] [INFO] GET /api/votesRestaurant/user/14 200 9ms
[2026-02-22 10:10:32] [INFO] GET /api/votesRestaurant/user/3 304 17ms
[2026-02-22 10:10:32] [INFO] GET /api/votesRestaurant/user/15 200 14ms
[2026-02-22 10:10:32] [INFO] GET /api/votesRestaurant/user/2 304 3ms
[2026-02-22 10:10:32] [INFO] GET /api/votesRestaurant/user/7 200 11ms
[2026-02-22 10:10:32] [INFO] GET /api/votesRestaurant/user/5 200 8ms
